<?xml version="1.0" encoding="UTF-8" ?>

<databaseChangeLog
        xmlns="http://www.liquibase.org/xml/ns/dbchangelog"
        xmlns:xsi="http://www.w3.org/2001/XMLSchema-instance"
        xsi:schemaLocation="http://www.liquibase.org/xml/ns/dbchangelog
         http://www.liquibase.org/xml/ns/dbchangelog/dbchangelog-3.1.xsd">

    <changeSet id="00001-20180315" author="leon">
        <insert tableName="role">
            <column name="role_name">Chronomancer</column>
            <column name="short_name">chrono</column>
        </insert>

        <insert tableName="role">
            <column name="role_name">Druid</column>
            <column name="short_name">Druid</column>
        </insert>

        <insert tableName="role">
            <column name="role_name">Berserker</column>
            <column name="short_name">BS</column>
        </insert>

        <insert tableName="role">
            <column name="role_name">Handkiter</column>
            <column name="short_name">HK</column>
        </insert>

        <insert tableName="role">
            <column name="role_name">DPS</column>
            <column name="short_name">DPS</column>
        </insert>
    </changeSet>

</databaseChangeLog>